17:45:37    60 --> ...                                          [tcl] ucliGUI::start /afs/andrew.cmu.edu/usr3/jtbell/private/18240/18240_lab/Lab5/simv -ucligui 
17:45:37    61 --> ...                                              [tcl] set ucliGUI::state
17:45:37    62 --> ...                                                  [tcl] gui_update_simulator_buttons
17:45:39    63 --> ...                                                      [tcl] set ucliGUI::state
17:45:39    64 --> ...                                                          [tcl] ucliCore::getToolPID
17:45:39    65 --> ...                                                              [tcl] synopsys::env hasTB
17:45:39    66 --> ...                                                                  [tcl] trigger_hier_stack_context_switch 0
17:45:39    67 --> ...                                                                      [tcl] synUtils::setDVEInitPhase 1
17:45:39    68 --> ...                                                                          [tcl] gui_get_env SIMSETUP::SIMVPD
17:45:39    69 --> ...                                                                              [tcl] synopsys::dump -type VPD -file /afs/andrew.cmu.edu/usr3/jtbell/private/18240/18240_lab/Lab5/inter.vpd -locking
17:45:39    70 --> ...                                                                                  [tcl] synopsys::dump -autoflush on -fid VPD1
17:45:39    71 --> ...                                                                                      [tcl] set ::dve_fid VPD1
17:45:39    72 --> ...                                                                                          [tcl] synUtils::setDVEInitPhase 0
17:45:39    73 --> ...                                                                                              [tcl] ucliCore::getToolPID
17:45:39    74 --> ...                                                                                                  [tcl] synUtils::sendTool -active _icl_setToolSocket /tmp/smlnpSscSqT
17:45:39    75 --> ...  [tcl] synUtils::sendTool -active {_icl_start_rpc -version "T-2022.06_Full64" -sync_file /tmp/vcs_dve_rpc.jtbell.16905}
17:45:39    76 --> ...      [tcl] synUtils::sendTool -active {_icl_createSharedMemory /tmp/vcs_dve_general.jtbell.16905}
17:45:39    77 --> ...          [tcl] config endofsim noexit
17:45:39    78 --> ...              [tcl] config onfail enable all
17:45:39    79 --> ...                  [tcl] config syscaddplainmembers
17:45:39    80 --> ...                      [tcl] config syscaddsourcenames
17:45:39    81 --> ...                          [tcl] config syscaddstructtypes
17:45:39    82 --> ...                              [tcl] synopsys::listing -disable
17:45:39    83 --> ...                                  [tcl] # Begin_DVE_Session_Save_Info
17:45:39    84 --> ...                                      [tcl] # DVE restart session
17:45:39    85 --> ...                                          [tcl] # Saved on Wed Nov 29 17:45:37 2023
17:45:39    86 --> ...                                              [tcl] # Designs open: 1
17:45:39    87 --> ...                                                  [tcl] #   Sim: /afs/andrew.cmu.edu/usr3/jtbell/private/18240/18240_lab/Lab5/simv
17:45:39    88 --> ...                                                      [tcl] # Toplevel windows open: 2
17:45:39    89 --> ...                                                          [tcl] # 	TopLevel.1
17:45:39    90 --> ...                                                              [tcl] # 	TopLevel.2
17:45:39    91 --> ...                                                                  [tcl] #   Source.1: Adder
17:45:39    92 --> ...                                                                      [tcl] #   Wave.1: 24 signals
17:45:39    93 --> ...                                                                          [tcl] #   Group count = 1
17:45:39    94 --> ...                                                                              [tcl] #   Group dut signal count = 24
17:45:39    95 --> ...                                                                                  [tcl] # End_DVE_Session_Save_Info
17:45:39    96 --> ...                                                                                      [tcl] # DVE version: T-2022.06_Full64
17:45:39    97 --> ...                                                                                          [tcl] # DVE build date: May 31 2022 20:53:03
17:45:39    98 --> ...                                                                                              [tcl] #<Session mode="Restart" path=".restartSimSession.tcl" type="Debug">
17:45:39    99 --> ...                                                                                                  [tcl] gui_set_loading_session_type Restart
17:45:39    100 --> ...  [tcl] gui_continuetime_set
17:45:39    101 --> ...      [tcl] gui_clear_window -type Wave
17:45:39    102 --> ...          [tcl] gui_clear_window -type List
17:45:39    103 --> ...              [tcl] # Application preferences
17:45:39    104 --> ...                  [tcl] gui_set_pref_value -key app_default_font -value {Helvetica,10,-1,5,50,0,0,0,0,0}
17:45:39    105 --> ...                      [tcl] gui_src_preferences -tabstop 8 -maxbits 24 -windownumber 1
17:45:39    106 --> ...                          [tcl] #<WindowLayout>
17:45:39    107 --> ...                              [tcl] # DVE top-level session
17:45:39    108 --> ...                                  [tcl] # Create and position top-level window: TopLevel.1
17:45:39    109 --> ...                                      [tcl] set TopLevel.1 TopLevel.1
17:45:39    110 --> ...                                          [tcl] # Docked window settings
17:45:39    111 --> ...                                              [tcl] set HSPane.1 HSPane.1
17:45:39    112 --> ...                                                  [tcl] set Hier.1 Hier.1
17:45:39    113 --> ...                                                      [tcl] set DLPane.1 DLPane.1
17:45:39    114 --> ...                                                          [tcl] set Data.1 Data.1
17:45:39    115 --> ...                                                              [tcl] set Console.1 Console.1
17:45:39    116 --> ...                                                                  [tcl] gui_sync_global -id ${TopLevel.1} -option true
17:45:39    117 --> ...                                                                      [tcl] # MDI window settings
17:45:39    118 --> ...                                                                          [tcl] set Source.1 Source.1
17:45:39    119 --> ...                                                                              [tcl] gui_update_layout -id ${Source.1} {{show_state maximized} {dock_state undocked} {dock_on_new_line false}}
17:45:39    120 --> ...                                                                                  [tcl] # End MDI window settings
17:45:39    121 --> ...                                                                                      [tcl] # Create and position top-level window: TopLevel.2
17:45:39    122 --> ...                                                                                          [tcl] set TopLevel.2 TopLevel.2
17:45:39    123 --> ...                                                                                              [tcl] # Docked window settings
17:45:39    124 --> ...                                                                                                  [tcl] gui_sync_global -id ${TopLevel.2} -option true
17:45:39    125 --> ...  [tcl] # MDI window settings
17:45:39    126 --> ...      [tcl] set Wave.1 Wave.1
17:45:39    127 --> ...          [tcl] gui_update_layout -id ${Wave.1} {{show_state maximized} {dock_state undocked} {dock_on_new_line false} {child_wave_left 352} {child_wave_right 860} {child_wave_colname 174} {child_wave_colvalue 174} {child_wave_col1 0} {child_wave_col2 1}}
17:45:39    128 --> ...              [tcl] # End MDI window settings
17:45:39    129 --> ...                  [tcl] #</WindowLayout>
17:45:39    130 --> ...                      [tcl] #<Database>
17:45:39    131 --> ...                          [tcl] gui_set_precision 1s
17:45:39    132 --> ...                              [tcl] gui_set_time_units 1s
17:45:39    133 --> ...                                  [tcl] #</Database>
17:45:39    134 --> ...                                      [tcl] # DVE Global setting session:
17:45:39    135 --> ...                                          [tcl] # Global: Breakpoints
17:45:39    136 --> ...                                              [tcl] # Global: Bus
17:45:39    137 --> ...                                                  [tcl] # Global: Expressions
17:45:39    138 --> ...                                                      [tcl] # Global: Signal Time Shift
17:45:39    139 --> ...                                                          [tcl] # Global: Signal Compare
17:45:39    140 --> ...                                                              [tcl] # Global: Signal Groups
17:45:39    141 --> ...                                                                  [tcl] gui_load_child_values {task2_test.dut}
17:45:39    142 --> ...                                                                      [tcl] synopsys::dump -add {task2_test.dut} -scope "." -depth 1 -fid VPD1
17:45:39    143 --> ...                                                                          [tcl] set _session_group_1 dut
17:45:39    144 --> ...                                                                              [tcl] gui_sg_create "$_session_group_1"
17:45:39    145 --> ...                                                                                  [tcl] set dut "$_session_group_1"
17:45:39    146 --> ...                                                                                      [tcl] gui_sg_addsignal -group "$_session_group_1" { task2_test.dut.addProductA task2_test.dut.mux_out_2 task2_test.dut.clr_product task2_test.dut.ZN task2_test.dut.en_counter task2_test.dut.clock task2_test.dut.en_shift task2_test.dut.A task2_test.dut.a task2_test.dut.B task2_test.dut.b task2_test.dut.ABS_value task2_test.dut.lowBit2 task2_test.dut.product_val task2_test.dut.lowBit task2_test.dut.clr_counter task2_test.dut.addNegA task2_test.dut.out task2_test.dut.B_N task2_test.dut.en_product task2_test.dut.done task2_test.dut.start task2_test.dut.load_reg task2_test.dut.counted_val }
17:45:39    147 --> ...                                                                                          [tcl] # Global: Highlighting
17:45:39    148 --> ...                                                                                              [tcl] # Global: Stack
17:45:39    149 --> ...                                                                                                  [tcl] gui_change_stack_mode -mode list
17:45:39    150 --> ...  [tcl] synopsys::xml {set_only_active_frame <data value="1" />}
17:45:39    151 --> ...      [tcl] # Post database loading setting...
17:45:39    152 --> ...          [tcl] # Save global setting...
17:45:39    153 --> ...              [tcl] # Wave/List view global setting
17:45:39    154 --> ...                  [tcl] gui_cov_show_value -switch false
17:45:39    155 --> ...                      [tcl] # Close all empty TopLevel windows
17:45:39    156 --> ...                          [tcl] foreach __top [gui_ekki_get_window_ids -type TopLevel] {     if { [llength [gui_ekki_get_window_ids -parent $__top]] == 0} {         gui_close_window -window $__top     } }
17:45:39    157 --> ...                              [tcl] gui_set_loading_session_type noSession
17:45:39    158 --> ...                                  [tcl] # DVE View/pane content session:
17:45:39    159 --> ...                                      [tcl] # Hier 'Hier.1'
17:45:39    160 --> ...                                          [tcl] gui_show_window -window ${Hier.1}
17:45:39    161 --> ...                                              [tcl] gui_list_set_filter -id ${Hier.1} -list { {Package 1} {All 0} {Process 1} {VirtPowSwitch 0} {UnnamedProcess 1} {UDP 0} {Function 1} {Block 1} {SrsnAndSpaCell 0} {OVA Unit 1} {LeafScCell 1} {LeafVlgCell 1} {Interface 1} {LeafVhdCell 1} {$unit 1} {NamedBlock 1} {Task 1} {VlgPackage 1} {ClassDef 1} {VirtIsoCell 0} }
17:45:39    162 --> ...                                                  [tcl] gui_list_set_filter -id ${Hier.1} -text {*}
17:45:39    163 --> ...                                                      [tcl] gui_change_design -id ${Hier.1} -design Sim
17:45:40    164 --> ...                                                          [tcl] catch {gui_list_expand -id ${Hier.1} task2_test}
17:45:40    165 --> ...                                                              [tcl] catch {gui_list_select -id ${Hier.1} {task2_test.dut}}
17:45:40    166 --> ...                                                                  [tcl] dveMisc::vbusExpand task2_test.dut
17:45:40    167 --> ...                                                                      [tcl] gui_view_scroll -id ${Hier.1} -vertical -set 0
17:45:40    168 --> ...                                                                          [tcl] gui_view_scroll -id ${Hier.1} -horizontal -set 0
17:45:40    169 --> ...                                                                              [tcl] # Data 'Data.1'
17:45:40    170 --> ...                                                                                  [tcl] gui_list_set_filter -id ${Data.1} -list { {Buffer 1} {Input 1} {Others 1} {Linkage 1} {Output 1} {LowPower 1} {Parameter 1} {All 1} {Aggregate 1} {LibBaseMember 1} {Event 1} {Assertion 1} {Constant 1} {Interface 1} {BaseMembers 1} {Signal 1} {$unit 1} {Inout 1} {Variable 1} }
17:45:40    171 --> ...                                                                                      [tcl] gui_list_set_filter -id ${Data.1} -text {*}
17:45:40    172 --> ...                                                                                          [tcl] gui_list_show_data -id ${Data.1} {task2_test.dut}
17:45:40    173 --> ...                                                                                              [tcl] gui_view_scroll -id ${Data.1} -vertical -set 0
17:45:40    174 --> ...                                                                                                  [tcl] gui_view_scroll -id ${Data.1} -horizontal -set 0
17:45:40    175 --> ...  [tcl] gui_view_scroll -id ${Hier.1} -vertical -set 0
17:45:40    176 --> ...      [tcl] gui_view_scroll -id ${Hier.1} -horizontal -set 0
17:45:40    177 --> ...          [tcl] # Source 'Source.1'
17:45:40    178 --> ...              [tcl] gui_src_value_annotate -id ${Source.1} -switch false
17:45:40    179 --> ...                  [tcl] gui_set_env TOGGLE::VALUEANNOTATE 0
17:45:40    180 --> ...                      [tcl] gui_open_source -id ${Source.1}  -replace -active Adder /afs/andrew.cmu.edu/usr3/jtbell/private/18240/18240_lab/Lab5/library.sv
17:45:40    181 --> ...                          [tcl] gui_view_scroll -id ${Source.1} -vertical -set 150
17:45:40    182 --> ...                              [tcl] gui_src_set_reusable -id ${Source.1}
17:45:40    183 --> ...                                  [tcl] # View 'Wave.1'
17:45:40    184 --> ...                                      [tcl] gui_wv_sync -id ${Wave.1} -switch false
17:45:40    185 --> ...                                          [tcl] set groupExD [gui_get_pref_value -category Wave -key exclusiveSG]
17:45:40    186 --> ...                                              [tcl] gui_set_pref_value -category Wave -key exclusiveSG -value {false}
17:45:40    187 --> ...                                                  [tcl] set origWaveHeight [gui_get_pref_value -category Wave -key waveRowHeight]
17:45:40    188 --> ...                                                      [tcl] gui_list_set_height -id Wave -height 25
17:45:40    189 --> ...                                                          [tcl] set origGroupCreationState [gui_list_create_group_when_add -wave]
17:45:40    190 --> ...                                                              [tcl] gui_list_create_group_when_add -wave -disable
17:45:40    191 --> ...                                                                  [tcl] gui_wv_zoom_timerange -id ${Wave.1} 0 280
17:45:40    192 --> ...                                                                      [tcl] gui_list_add_group -id ${Wave.1} -after {New Group} {dut}
17:45:40    193 --> ...                                                                          [tcl] gui_seek_criteria -id ${Wave.1} {Any Edge}
17:45:40    194 --> ...                                                                              [tcl] gui_set_env TOGGLE::DEFAULT_WAVE_WINDOW ${Wave.1}
17:45:40    195 --> ...                                                                                  [tcl] gui_set_pref_value -category Wave -key exclusiveSG -value $groupExD
17:45:40    196 --> ...                                                                                      [tcl] gui_list_set_height -id Wave -height $origWaveHeight
17:45:40    197 --> ...                                                                                          [tcl] if {$origGroupCreationState} { 	gui_list_create_group_when_add -wave -enable }
17:45:40    198 --> ...                                                                                              [tcl] if { $groupExD } {  gui_msg_report -code DVWW028 }
17:45:40    199 --> ...                                                                                                  [tcl] gui_list_set_filter -id ${Wave.1} -list { {Buffer 1} {Input 1} {Others 1} {Linkage 1} {Output 1} {Parameter 1} {All 1} {Aggregate 1} {LibBaseMember 1} {Event 1} {Assertion 1} {Constant 1} {Interface 1} {BaseMembers 1} {Signal 1} {$unit 1} {Inout 1} {Variable 1} }
17:45:40    200 --> ...  [tcl] gui_list_set_filter -id ${Wave.1} -text {*}
17:45:40    201 --> ...      [tcl] gui_list_set_insertion_bar  -id ${Wave.1} -group dut  -position in
17:45:40    202 --> ...          [tcl] gui_view_scroll -id ${Wave.1} -vertical -set 0
17:45:40    203 --> ...              [tcl] gui_show_grid -id ${Wave.1} -enable false
17:45:40    204 --> ...                  [tcl] # Restore toplevel window zorder
17:45:40    205 --> ...                      [tcl] # The toplevel window could be closed if it has no view/pane
17:45:40    206 --> ...                          [tcl] if {[gui_exist_window -window ${TopLevel.1}]} { 	gui_set_active_window -window ${TopLevel.1} 	gui_set_active_window -window ${Source.1} 	gui_set_active_window -window ${HSPane.1} }
17:45:40    207 --> ...                              [tcl] if {[gui_exist_window -window ${TopLevel.2}]} { 	gui_set_active_window -window ${TopLevel.2} 	gui_set_active_window -window ${Wave.1} }
17:45:40    208 --> ...                                  [tcl] #</Session>
17:45:42    209 --> ...                                      [tcl] synopsys::run
17:45:42    210 --> ...                                          [tcl] set ucliGUI::state
17:45:42    211 --> ...                                              [tcl] gui_update_simulator_buttons
17:45:43    212 --> ...                                                  [tcl] set ucliGUI::state
17:45:43    213 --> ...                                                      [tcl] set ucliGUI::state
17:45:43    214 --> ...                                                          [tcl] set ucliGUI::state
17:45:43    215 --> ...                                                              [tcl] catch {senv activeDomain} dveMisc::result 
17:45:43    216 --> ...                                                                  [tcl] set dveMisc::result
17:45:43    217 --> ...                                                                      [tcl] gui_update_simulator_buttons
