# Preference setting overrides
gui_create_pref_key -category {Globals} -key {load_detail_for_funcov} -value_type {bool} -value {false}
gui_create_pref_category -category {schem_obj_name}
gui_create_pref_key -category {schem_obj_name} -key {show_cell_and_pin_with_symbol_name} -value_type {bool} -value {false}
gui_create_pref_key -category {schem_pin_hc} -key {textExtFont} -value_type {string} -value {Helvetica,10,-1,5,50,0,0,0,0,0}

# State setting overrides
gui_state_default_create -off -ini
gui_set_state_value -category Layout -key child_console_size_x -value 1274
gui_set_state_value -category Layout -key child_console_size_y -value 174
gui_set_state_value -category Layout -key child_data_size_x -value 158
gui_set_state_value -category Layout -key child_data_size_y -value 458
gui_set_state_value -category Layout -key child_driver_size_x -value 1001
gui_set_state_value -category Layout -key child_driver_size_y -value 179
gui_set_state_value -category Layout -key child_hier_col3 -value {-1}
gui_set_state_value -category Layout -key child_hier_colpd -value 0
gui_set_state_value -category Layout -key child_hier_size_x -value 158
gui_set_state_value -category Layout -key child_hier_size_y -value 458
gui_set_state_value -category Layout -key child_schematic_docknewline -value false
gui_set_state_value -category Layout -key child_schematic_pos_x -value {-2}
gui_set_state_value -category Layout -key child_schematic_pos_y -value {-15}
gui_set_state_value -category Layout -key child_schematic_size_x -value 943
gui_set_state_value -category Layout -key child_schematic_size_y -value 446
gui_set_state_value -category Layout -key child_source_docknewline -value false
gui_set_state_value -category Layout -key child_source_pos_x -value {-2}
gui_set_state_value -category Layout -key child_source_pos_y -value {-15}
gui_set_state_value -category Layout -key child_source_size_x -value 961
gui_set_state_value -category Layout -key child_source_size_y -value 453
gui_set_state_value -category Layout -key child_wave_colname -value 174
gui_set_state_value -category Layout -key child_wave_colvalue -value 174
gui_set_state_value -category Layout -key child_wave_left -value 353
gui_set_state_value -category Layout -key child_wave_right -value 860
gui_set_state_value -category Layout -key main_pos_x -value 8
gui_set_state_value -category Layout -key main_pos_y -value 31
gui_set_state_value -category Layout -key main_size_x -value 1282
gui_set_state_value -category Layout -key main_size_y -value 762
gui_set_state_value -category Layout -key stand_wave_child_docknewline -value false
gui_set_state_value -category Layout -key stand_wave_child_pos_x -value {-2}
gui_set_state_value -category Layout -key stand_wave_child_pos_y -value {-15}
gui_set_state_value -category Layout -key stand_wave_child_size_x -value 1223
gui_set_state_value -category Layout -key stand_wave_child_size_y -value 614
gui_set_state_value -category Layout -key stand_wave_top_pos_x -value 8
gui_set_state_value -category Layout -key stand_wave_top_pos_y -value 31
gui_set_state_value -category Layout -key stand_wave_top_size_x -value 1226
gui_set_state_value -category Layout -key stand_wave_top_size_y -value 749
gui_create_state_key -category FindDialog -key m_pMatchCase -value_type bool -value false
gui_create_state_key -category FindDialog -key m_pMatchWord -value_type bool -value false
gui_create_state_key -category FindDialog -key m_pUseCombo -value_type string -value {}
gui_create_state_key -category FindDialog -key m_pWrapAround -value_type bool -value true
gui_state_default_create -off

# Begin command logging
gui_sim_run Ucli -exe ./simv -args {-ucligui  } -dir .
gui_list_select -id Hier.1 -current_item_name task2_test -current_item_type Scope  -selected  { task2_test   }
gui_list_expand -id  Hier.1   task2_test
gui_list_select -id Hier.1 -current_item_name task2_test.dut -current_item_type Scope  -selected  { task2_test.dut   }
gui_sim_continue  
gui_open_window Wave
gui_list_add -id Wave.1 -from Hier.1 { task2_test.dut } -insertionbar
gui_sim_restart
gui_sim_continue  
gui_list_select -id Wave.1 -selected  { {task2_test.dut.product_val[15:0]}   }
gui_list_select -id Wave.1 -selected  { {task2_test.dut.ZN[1:0]}   }
