********************************************************************************
*                                  18240: hw6                                  *
*                            Error log for: jtbell                             *
********************************************************************************
********************************** Problem 5 ***********************************
hw6prob5.sv, library.sv: failed to compile

Warning-[IPDW] Identifier previously declared
/afs/andrew.cmu.edu/usr3/jtbell/private/18240/18240Git/HW/HW6/hw6prob5.sv, 22
  Second declaration for identifier 'lowBit' ignored
  Identifier 'lowBit' previously declared as logic. 
  [/afs/andrew.cmu.edu/usr3/jtbell/private/18240/18240Git/HW/HW6/hw6prob5.sv, 
  17]


Error-[IND] Identifier not declared
/afs/andrew.cmu.edu/usr3/jtbell/private/18240/18240Git/HW/HW6/hw6prob5.sv, 28
  Identifier 'Sshift_L' has not been declared yet. If this error is not 
  expected, please check if you have set `default_nettype to none.
  


Warning-[NZIR] Incorrect size number
/afs/andrew.cmu.edu/usr3/jtbell/private/18240/18240Git/HW/HW6/hw6prob5.sv, 28
  The specified width is '0'. Nonzero unsigned decimal number is required as 
  the size constant. This '0' width will be ignored.


Error-[IND] Identifier not declared
/afs/andrew.cmu.edu/usr3/jtbell/private/18240/18240Git/HW/HW6/hw6prob5.sv, 31
  Identifier 'Oinc_L' has not been declared yet. If this error is not 
  expected, please check if you have set `default_nettype to none.
  

2 warnings
2 errors


********************************** Problem 6 ***********************************
hw6prob6.sv: file does not exist

