set ucliGUI::state
set ucliGUI::state
ucliCore::getToolPID
synopsys::env hasTB
trigger_hier_stack_context_switch 0
synUtils::setDVEInitPhase 1
synopsys::dump -type VPD -file /afs/andrew.cmu.edu/usr3/jtbell/private/18240/18240Git/HW/HW5/inter.vpd -locking
synopsys::dump -autoflush on -fid VPD0
set ::dve_fid VPD0
synUtils::setDVEInitPhase 0
ucliCore::getToolPID
synUtils::sendTool -active _icl_setToolSocket /tmp/smlnpEbHFTe
synUtils::sendTool -active {_icl_start_rpc -version "T-2022.06_Full64" -sync_file /tmp/vcs_dve_rpc.jtbell.19440}
synUtils::sendTool -active {_icl_createSharedMemory /tmp/vcs_dve_general.jtbell.19440}
config endofsim noexit
config onfail enable all
config syscaddplainmembers
config syscaddsourcenames
config syscaddstructtypes
synopsys::listing -disable
synopsys::dump -add {hw5prob5.A hw5prob5.B hw5prob5.first hw5prob5.reset hw5prob5.second } -aggregates  -fid VPD0
synopsys::run
set ucliGUI::state
set ucliGUI::state
set ucliGUI::state
set ucliGUI::state
