# Preference setting overrides
gui_create_pref_key -category {Globals} -key {load_detail_for_funcov} -value_type {bool} -value {false}
gui_create_pref_category -category {schem_obj_name}
gui_create_pref_key -category {schem_obj_name} -key {show_cell_and_pin_with_symbol_name} -value_type {bool} -value {false}
gui_create_pref_key -category {schem_pin_hc} -key {textExtFont} -value_type {string} -value {Helvetica,10,-1,5,50,0,0,0,0,0}

# State setting overrides
gui_state_default_create -off -ini
gui_set_state_value -category Layout -key child_console_size_x -value 1919
gui_set_state_value -category Layout -key child_console_size_y -value 177
gui_set_state_value -category Layout -key child_data_size_x -value 165
gui_set_state_value -category Layout -key child_data_size_y -value 700
gui_set_state_value -category Layout -key child_driver_size_x -value 1001
gui_set_state_value -category Layout -key child_driver_size_y -value 179
gui_set_state_value -category Layout -key child_hier_col3 -value {-1}
gui_set_state_value -category Layout -key child_hier_colpd -value 0
gui_set_state_value -category Layout -key child_hier_size_x -value 165
gui_set_state_value -category Layout -key child_hier_size_y -value 700
gui_set_state_value -category Layout -key child_schematic_docknewline -value false
gui_set_state_value -category Layout -key child_schematic_pos_x -value {-2}
gui_set_state_value -category Layout -key child_schematic_pos_y -value {-15}
gui_set_state_value -category Layout -key child_schematic_size_x -value 943
gui_set_state_value -category Layout -key child_schematic_size_y -value 446
gui_set_state_value -category Layout -key child_source_docknewline -value false
gui_set_state_value -category Layout -key child_source_pos_x -value {-2}
gui_set_state_value -category Layout -key child_source_pos_y -value {-15}
gui_set_state_value -category Layout -key child_source_size_x -value 943
gui_set_state_value -category Layout -key child_source_size_y -value 446
gui_set_state_value -category Layout -key child_wave_colname -value 121
gui_set_state_value -category Layout -key child_wave_colvalue -value 120
gui_set_state_value -category Layout -key child_wave_left -value 245
gui_set_state_value -category Layout -key child_wave_right -value 597
gui_set_state_value -category Layout -key main_pos_x -value 0
gui_set_state_value -category Layout -key main_pos_y -value 65
gui_set_state_value -category Layout -key main_size_x -value 1919
gui_set_state_value -category Layout -key main_size_y -value 1041
gui_set_state_value -category Layout -key stand_wave_child_docknewline -value false
gui_set_state_value -category Layout -key stand_wave_child_pos_x -value {-2}
gui_set_state_value -category Layout -key stand_wave_child_pos_y -value {-15}
gui_set_state_value -category Layout -key stand_wave_child_size_x -value 852
gui_set_state_value -category Layout -key stand_wave_child_size_y -value 346
gui_set_state_value -category Layout -key stand_wave_top_pos_x -value 999
gui_set_state_value -category Layout -key stand_wave_top_pos_y -value 175
gui_set_state_value -category Layout -key stand_wave_top_size_x -value 1846
gui_set_state_value -category Layout -key stand_wave_top_size_y -value 672
gui_create_state_key -category FindDialog -key m_pMatchCase -value_type bool -value false
gui_create_state_key -category FindDialog -key m_pMatchWord -value_type bool -value false
gui_create_state_key -category FindDialog -key m_pUseCombo -value_type string -value {}
gui_create_state_key -category FindDialog -key m_pWrapAround -value_type bool -value true
gui_state_default_create -off

# Begin command logging
gui_sim_run Ucli -exe simv -args {-ucligui  -q -nc} -dir .
gui_list_select -id Data.1 -selected  { top.win   }
gui_list_select -id Data.1 -selected  { top.win  top.error  top.a  top.b  top.c  top.d  top.e  top.f   }
gui_open_window Wave
gui_list_add -id Wave.1 -from Data.1 { top.win top.error top.a top.b top.c top.d top.e top.f } -insertionbar
gui_sim_continue  
gui_wv_zoom_timerange -id  Wave.1 454 646
gui_wv_zoom_timerange -id  Wave.1 454 647
gui_wv_zoom_timerange -id  Wave.1 454 653
gui_wv_zoom_timerange -id  Wave.1 454 659
gui_wv_zoom_timerange -id  Wave.1 454 660
gui_wv_zoom_timerange -id  Wave.1 454 662
gui_wv_zoom_timerange -id  Wave.1 454 662
gui_wv_zoom_timerange -id  Wave.1 454 663
gui_wv_zoom_timerange -id  Wave.1 454 666
gui_wv_zoom_timerange -id  Wave.1 454 667
gui_wv_zoom_timerange -id  Wave.1 454 670
gui_wv_zoom_timerange -id  Wave.1 454 672
gui_wv_zoom_timerange -id  Wave.1 454 674
gui_wv_zoom_timerange -id  Wave.1 454 674
gui_wv_zoom_timerange -id  Wave.1 454 676
gui_wv_zoom_timerange -id  Wave.1 454 678
gui_wv_zoom_timerange -id  Wave.1 454 681
gui_wv_zoom_timerange -id  Wave.1 454 683
gui_wv_zoom_timerange -id  Wave.1 454 683
gui_wv_zoom_timerange -id  Wave.1 454 686
gui_wv_zoom_timerange -id  Wave.1 454 686
gui_wv_zoom_timerange -id  Wave.1 454 687
gui_wv_zoom_timerange -id  Wave.1 454 687
gui_wv_zoom_timerange -id  Wave.1 454 687
gui_wv_zoom_timerange -id  Wave.1 454 687
gui_wv_zoom_timerange -id  Wave.1 454 688
gui_wv_zoom_timerange -id  Wave.1 454 689
gui_wv_zoom_timerange -id  Wave.1 454 690
gui_wv_zoom_timerange -id  Wave.1 454 691
gui_wv_zoom_timerange -id  Wave.1 454 691
gui_wv_zoom_timerange -id  Wave.1 454 692
gui_wv_zoom_timerange -id  Wave.1 454 693
gui_wv_zoom_timerange -id  Wave.1 454 694
gui_wv_zoom_timerange -id  Wave.1 454 696
gui_wv_zoom_timerange -id  Wave.1 454 698
gui_wv_zoom_timerange -id  Wave.1 454 700
gui_wv_zoom_timerange -id  Wave.1 454 701
gui_wv_zoom_timerange -id  Wave.1 454 702
gui_wv_zoom_timerange -id  Wave.1 454 702
gui_wv_scroll_hslidermove -id  Wave.1 0
gui_wv_scroll_hslidermove -id  Wave.1 0
gui_wv_scroll_hslidermove -id  Wave.1 818
gui_wv_scroll_hslidermove -id  Wave.1 794
gui_wv_scroll_hslidermove -id  Wave.1 794
gui_wv_scroll_hslidermove -id  Wave.1 0
gui_close_window -window TopLevel.2
