21:05:25    16 -->                                                             [tcl] ucliGUI::connect -toolargs -ucligui -toolexe simv -q -nc -pid 4972 -toolin /tmp/vcs_20230914010524_4971_jtbell..stdin -toolout /tmp/vcs_20230914010524_4971_jtbell..stdout  
21:05:25    17 -->                                                                 [tcl] set ucliGUI::state
21:05:25    18 -->                                                                     [tcl] set ucliGUI::state
21:05:25    19 -->                                                                         [tcl] ucliCore::getToolPID
21:05:25    20 -->                                                                             [tcl] synopsys::env hasTB
21:05:25    21 -->                                                                                 [tcl] trigger_hier_stack_context_switch 0
21:05:25    22 -->                                                                                     [tcl] synUtils::setDVEInitPhase 1
21:05:25    23 -->                                                                                         [tcl] gui_get_env SIMSETUP::SIMVPD
21:05:25    24 -->                                                                                             [tcl] synopsys::dump -type VPD -file /afs/andrew.cmu.edu/usr3/jtbell/private/18240/18240_lab/Lab1/inter.vpd -locking
21:05:25    25 --> ...  [tcl] synopsys::dump -autoflush on -fid VPD0
21:05:25    26 --> ...      [tcl] set ::dve_fid VPD0
21:05:25    27 --> ...          [tcl] synUtils::setDVEInitPhase 0
21:05:25    28 --> ...              [tcl] ucliCore::getToolPID
21:05:25    29 --> ...                  [tcl] synUtils::sendTool -active _icl_setToolSocket /tmp/smlnp5fVW4A
21:05:25    30 --> ...                      [tcl] synUtils::sendTool -active {_icl_start_rpc -version "T-2022.06_Full64" -sync_file /tmp/vcs_dve_rpc.jtbell.4972}
21:05:25    31 --> ...                          [tcl] synUtils::sendTool -active {_icl_createSharedMemory /tmp/vcs_dve_general.jtbell.4972}
21:05:25    32 --> ...                              [tcl] dveMisc::vbusExpand top
21:05:25    33 --> ...                                  [tcl] config endofsim noexit
21:05:25    34 --> ...                                      [tcl] config onfail enable all
21:05:25    35 --> ...                                          [tcl] config syscaddplainmembers
21:05:25    36 --> ...                                              [tcl] config syscaddsourcenames
21:05:25    37 --> ...                                                  [tcl] config syscaddstructtypes
21:05:25    38 --> ...                                                      [tcl] synopsys::listing -disable
21:05:37    39 --> ...                                                          [tcl] synopsys::dump -add {top.a top.b top.c top.d top.e top.error top.f top.win } -aggregates  -fid VPD0
21:05:38    40 --> ...                                                              [tcl] synopsys::run
21:05:38    41 --> ...                                                                  [tcl] set ucliGUI::state
21:05:38    42 --> ...                                                                      [tcl] gui_update_simulator_buttons
21:05:38    43 --> ...                                                                          [tcl] set ucliGUI::state
21:05:38    44 --> ...                                                                              [tcl] set ucliGUI::state
21:05:38    45 --> ...                                                                                  [tcl] set ucliGUI::state
21:05:38    46 --> ...                                                                                      [tcl] catch {senv activeDomain} dveMisc::result 
21:05:38    47 --> ...                                                                                          [tcl] set dveMisc::result
21:05:38    48 --> ...                                                                                              [tcl] gui_update_simulator_buttons
21:07:05    49 --> ...                                                                                                  [tcl] if [catch {gui_sim_terminate}] {gui_sim_terminate -kill}
21:07:05    50 --> ...  [tcl] synopsys::finish
21:07:05    51 --> ...      [tcl] set ucliGUI::state
21:07:05    52 --> ...          [tcl] gui_update_simulator_buttons
21:07:05    53 --> ...              [tcl] set ucliGUI::state
21:07:05    54 --> ...                  [tcl] catch {senv activeDomain} dveMisc::result 
21:07:05    55 --> ...                      [tcl] set dveMisc::result
21:07:05    56 --> ...                          [tcl] gui_update_simulator_buttons
21:07:05    57 --> ...                              [tcl] catch {senv activeDomain} dveMisc::result 
21:07:05    58 --> ...                                  [tcl] set dveMisc::result
21:07:05    59 --> ...                                      [tcl] ucli_exit
