# Preference setting overrides
gui_create_pref_key -category {Globals} -key {load_detail_for_funcov} -value_type {bool} -value {false}
gui_create_pref_category -category {schem_obj_name}
gui_create_pref_key -category {schem_obj_name} -key {show_cell_and_pin_with_symbol_name} -value_type {bool} -value {false}
gui_create_pref_key -category {schem_pin_hc} -key {textExtFont} -value_type {string} -value {Helvetica,10,-1,5,50,0,0,0,0,0}

# State setting overrides
gui_state_default_create -off -ini
gui_set_state_value -category Layout -key child_console_size_x -value 1919
gui_set_state_value -category Layout -key child_console_size_y -value 176
gui_set_state_value -category Layout -key child_data_size_x -value 164
gui_set_state_value -category Layout -key child_data_size_y -value 701
gui_set_state_value -category Layout -key child_driver_size_x -value 1001
gui_set_state_value -category Layout -key child_driver_size_y -value 179
gui_set_state_value -category Layout -key child_hier_col3 -value {-1}
gui_set_state_value -category Layout -key child_hier_colpd -value 0
gui_set_state_value -category Layout -key child_hier_size_x -value 164
gui_set_state_value -category Layout -key child_hier_size_y -value 701
gui_set_state_value -category Layout -key child_schematic_docknewline -value false
gui_set_state_value -category Layout -key child_schematic_pos_x -value {-2}
gui_set_state_value -category Layout -key child_schematic_pos_y -value {-15}
gui_set_state_value -category Layout -key child_schematic_size_x -value 943
gui_set_state_value -category Layout -key child_schematic_size_y -value 446
gui_set_state_value -category Layout -key child_source_docknewline -value false
gui_set_state_value -category Layout -key child_source_pos_x -value {-2}
gui_set_state_value -category Layout -key child_source_pos_y -value {-15}
gui_set_state_value -category Layout -key child_source_size_x -value 1594
gui_set_state_value -category Layout -key child_source_size_y -value 696
gui_set_state_value -category Layout -key child_wave_colname -value 154
gui_set_state_value -category Layout -key child_wave_colvalue -value 154
gui_set_state_value -category Layout -key child_wave_left -value 313
gui_set_state_value -category Layout -key child_wave_right -value 765
gui_set_state_value -category Layout -key main_pos_x -value 1
gui_set_state_value -category Layout -key main_pos_y -value 38
gui_set_state_value -category Layout -key main_size_x -value 1920
gui_set_state_value -category Layout -key main_size_y -value 1014
gui_set_state_value -category Layout -key stand_wave_child_docknewline -value false
gui_set_state_value -category Layout -key stand_wave_child_pos_x -value {-2}
gui_set_state_value -category Layout -key stand_wave_child_pos_y -value {-15}
gui_set_state_value -category Layout -key stand_wave_child_size_x -value 1088
gui_set_state_value -category Layout -key stand_wave_child_size_y -value 615
gui_set_state_value -category Layout -key stand_wave_top_pos_x -value 75
gui_set_state_value -category Layout -key stand_wave_top_pos_y -value 215
gui_set_state_value -category Layout -key stand_wave_top_size_x -value 1158
gui_set_state_value -category Layout -key stand_wave_top_size_y -value 958
gui_create_state_key -category FindDialog -key m_pMatchCase -value_type bool -value false
gui_create_state_key -category FindDialog -key m_pMatchWord -value_type bool -value false
gui_create_state_key -category FindDialog -key m_pUseCombo -value_type string -value {}
gui_create_state_key -category FindDialog -key m_pWrapAround -value_type bool -value true
gui_state_default_create -off

# Begin command logging
gui_sim_run Ucli -exe simv -args {-ucligui  -q -nc} -dir .
gui_open_window Wave
gui_list_add -id Wave.1 -from Source.1 { top } -insertionbar
gui_list_select -id Wave.1 -selected  { top.a   }
gui_list_action -id  Wave.1 top.a
gui_get_drivers -id Wave.1 -signal top.a
gui_close_window -window TopLevel.2
